[17-11-2019 12:53:12] PayPal\Core\PayPalHttpConnection : INFO: POST https://api.sandbox.paypal.com/v1/oauth2/token
[17-11-2019 12:53:15] PayPal\Core\PayPalHttpConnection : INFO: Response Status 	: 200
[17-11-2019 12:53:15] PayPal\Core\PayPalHttpConnection : INFO: POST https://api.sandbox.paypal.com/v1/payments/payment
[17-11-2019 12:53:17] PayPal\Core\PayPalHttpConnection : INFO: Response Status 	: 201
[17-11-2019 12:55:40] PayPal\Core\PayPalHttpConnection : INFO: POST https://api.sandbox.paypal.com/v1/oauth2/token
[17-11-2019 12:55:41] PayPal\Core\PayPalHttpConnection : INFO: Response Status 	: 200
[17-11-2019 12:55:41] PayPal\Core\PayPalHttpConnection : INFO: POST https://api.sandbox.paypal.com/v1/payments/payment
[17-11-2019 12:55:43] PayPal\Core\PayPalHttpConnection : INFO: Response Status 	: 201
[17-11-2019 12:56:00] PayPal\Core\PayPalHttpConnection : INFO: POST https://api.sandbox.paypal.com/v1/oauth2/token
[17-11-2019 12:56:01] PayPal\Core\PayPalHttpConnection : INFO: Response Status 	: 200
[17-11-2019 12:56:01] PayPal\Core\PayPalHttpConnection : INFO: GET https://api.sandbox.paypal.com/v1/payments/payment/PAYID-LXIUGTQ6U631971YN267924U
[17-11-2019 12:56:03] PayPal\Core\PayPalHttpConnection : INFO: Response Status 	: 200
[17-11-2019 12:56:03] PayPal\Core\PayPalHttpConnection : INFO: POST https://api.sandbox.paypal.com/v1/payments/payment/PAYID-LXIUGTQ6U631971YN267924U/execute
[17-11-2019 12:56:05] PayPal\Core\PayPalHttpConnection : INFO: Response Status 	: 200
[17-11-2019 13:00:54] PayPal\Core\PayPalHttpConnection : INFO: POST https://api.sandbox.paypal.com/v1/oauth2/token
[17-11-2019 13:00:55] PayPal\Core\PayPalHttpConnection : INFO: Response Status 	: 200
[17-11-2019 13:00:55] PayPal\Core\PayPalHttpConnection : INFO: POST https://api.sandbox.paypal.com/v1/payments/payment
[17-11-2019 13:00:57] PayPal\Core\PayPalHttpConnection : INFO: Response Status 	: 201
[17-11-2019 13:01:14] PayPal\Core\PayPalHttpConnection : INFO: POST https://api.sandbox.paypal.com/v1/oauth2/token
[17-11-2019 13:01:15] PayPal\Core\PayPalHttpConnection : INFO: Response Status 	: 200
[17-11-2019 13:01:15] PayPal\Core\PayPalHttpConnection : INFO: GET https://api.sandbox.paypal.com/v1/payments/payment/PAYID-LXIUJCA7S638907N1997030E
[17-11-2019 13:01:17] PayPal\Core\PayPalHttpConnection : INFO: Response Status 	: 200
[17-11-2019 13:01:17] PayPal\Core\PayPalHttpConnection : INFO: POST https://api.sandbox.paypal.com/v1/payments/payment/PAYID-LXIUJCA7S638907N1997030E/execute
[17-11-2019 13:01:20] PayPal\Core\PayPalHttpConnection : INFO: Response Status 	: 200
